2020-06-05 00:40:21,202 - test_env_key - 50 - DEBUG - Harmless debug Message
2020-06-05 00:40:21,202 - test_env_key - 51 - INFO - Just an information
2020-06-05 00:40:21,202 - test_env_key - 52 - WARNING - Its a Warning
2020-06-05 00:40:21,202 - test_env_key - 53 - ERROR - Did you try to divide by zero
2020-06-05 00:40:21,203 - test_env_key - 54 - CRITICAL - Internet is down
2020-06-05 00:40:21,275 - search_books - 20 - INFO - Payload created
2020-06-05 00:40:21,277 - connectionpool - 941 - DEBUG - Starting new HTTPS connection (1): www.goodreads.com:443
2020-06-05 00:40:23,406 - connectionpool - 442 - DEBUG - https://www.goodreads.com:443 "GET /search/index.xml?key=NT02qJcjLCaq2GgotBcIQ&q=Rich&search%5Bfield%5D=ds HTTP/1.1" 200 None
2020-06-05 00:40:23,411 - search_books - 23 - INFO - Search query hit
2020-06-05 00:40:23,412 - search_books - 25 - INFO - 200
2020-06-05 00:40:23,412 - search_books - 26 - INFO - <?xml version="1.0" encoding="UTF-8"?>
<GoodreadsResponse>
  <Request>
    <authentication>true</authentication>
      <key><![CDATA[NT02qJcjLCaq2GgotBcIQ]]></key>
    <method><![CDATA[search_index]]></method>
  </Request>
  <search>
  <query><![CDATA[Rich]]></query>
    <results-start>1</results-start>
    <results-end>0</results-end>
    <total-results>0</total-results>
    <source>Goodreads</source>
    <query-time-seconds></query-time-seconds>
    <results>
    </results>
</search>

</GoodreadsResponse>
2020-06-05 00:40:23,412 - search_books - 27 - INFO - values printed on console
